<?xml version="1.0" encoding="UTF-8"?>
<!-- Generated by org.testng.reporters.JUnitReportReporter -->
<testsuite hostname="kavindu-VirtualBox" failures="0" tests="2" name="tests.TestExamples" time="3.350" errors="0" timestamp="2022-09-02T11:33:56 IST" skipped="0">
  <testcase classname="tests.TestExamples" name="test_1" time="2.452"/>
  <system-out/>
  <testcase classname="tests.TestExamples" name="test_2" time="0.898"/>
  <system-out/>
</testsuite> <!-- tests.TestExamples -->
