<?xml version="1.0" encoding="UTF-8"?>
<!-- Generated by org.testng.reporters.JUnitReportReporter -->
<testsuite hostname="kavindudi" failures="0" tests="1" name="tests.Wso2_Apim" time="0.001" errors="0" timestamp="2022-09-23T14:55:18 IST" skipped="1">
  <testcase classname="tests.Wso2_Apim" name="oauth2" time="0.001">
    <skipped/>
  </testcase> <!-- oauth2 -->
  <system-out/>
</testsuite> <!-- tests.Wso2_Apim -->
