<?xml version="1.0" encoding="UTF-8"?>
<!-- Generated by org.testng.reporters.JUnitReportReporter -->
<testsuite hostname="kavindu-VirtualBox" failures="0" tests="1" name="tests.Oauth2Test" time="2.743" errors="0" timestamp="2022-09-02T12:31:05 IST" skipped="0">
  <testcase classname="tests.Oauth2Test" name="test2" time="2.743"/>
  <system-out/>
</testsuite> <!-- tests.Oauth2Test -->
